<?xml version="1.0" encoding="UTF-8"?>
<testng-results skipped="0" failed="0" ignored="0" total="2" passed="2">
  <reporter-output>
  </reporter-output>
  <suite name="Default suite" duration-ms="42" started-at="2019-01-21T12:51:57Z" finished-at="2019-01-21T12:51:57Z">
    <groups>
    </groups>
    <test name="Default test" duration-ms="42" started-at="2019-01-21T12:51:57Z" finished-at="2019-01-21T12:51:57Z">
      <class name="learnselenium13.Firsttestng">
        <test-method status="PASS" signature="login()[pri:0, instance:learnselenium13.Firsttestng@58c1670b]" name="login" duration-ms="10" started-at="2019-01-21T12:51:57Z" finished-at="2019-01-21T12:51:57Z">
          <reporter-output>
          </reporter-output>
        </test-method> <!-- login -->
        <test-method status="PASS" signature="login1()[pri:0, instance:learnselenium13.Firsttestng@58c1670b]" name="login1" duration-ms="2" started-at="2019-01-21T12:51:57Z" finished-at="2019-01-21T12:51:57Z">
          <reporter-output>
          </reporter-output>
        </test-method> <!-- login1 -->
      </class> <!-- learnselenium13.Firsttestng -->
    </test> <!-- Default test -->
  </suite> <!-- Default suite -->
</testng-results>
