<?xml version="1.0" encoding="UTF-8"?>
<testng-results skipped="0" failed="0" ignored="0" total="1" passed="1">
  <reporter-output>
  </reporter-output>
  <suite name="Default suite" duration-ms="17335" started-at="2019-03-08T12:18:13Z" finished-at="2019-03-08T12:18:31Z">
    <groups>
    </groups>
    <test name="Default test" duration-ms="17335" started-at="2019-03-08T12:18:13Z" finished-at="2019-03-08T12:18:31Z">
      <class name="com.testcase.demositetestcase">
        <test-method status="PASS" signature="startbrowser()[pri:0, instance:com.testcase.demositetestcase@68c4039c]" name="startbrowser" is-config="true" duration-ms="7909" started-at="2019-03-08T12:18:13Z" finished-at="2019-03-08T12:18:21Z">
          <reporter-output>
          </reporter-output>
        </test-method> <!-- startbrowser -->
        <test-method status="PASS" signature="demosite()[pri:0, instance:com.testcase.demositetestcase@68c4039c]" name="demosite" duration-ms="9403" started-at="2019-03-08T12:18:21Z" finished-at="2019-03-08T12:18:31Z">
          <reporter-output>
          </reporter-output>
        </test-method> <!-- demosite -->
      </class> <!-- com.testcase.demositetestcase -->
    </test> <!-- Default test -->
  </suite> <!-- Default suite -->
</testng-results>
