<?xml version="1.0" encoding="UTF-8"?>
<testng-results skipped="0" failed="0" ignored="0" total="1" passed="1">
  <reporter-output>
  </reporter-output>
  <suite name="Default suite" duration-ms="31360" started-at="2019-03-05T11:22:26Z" finished-at="2019-03-05T11:22:57Z">
    <groups>
    </groups>
    <test name="Default test" duration-ms="31360" started-at="2019-03-05T11:22:26Z" finished-at="2019-03-05T11:22:57Z">
      <class name="com.testcase.gmail_testcase">
        <test-method status="PASS" signature="dataloder()[pri:0, instance:com.testcase.gmail_testcase@ae45eb6]" name="dataloder" is-config="true" duration-ms="411" started-at="2019-03-05T11:22:25Z" finished-at="2019-03-05T11:22:26Z">
          <reporter-output>
          </reporter-output>
        </test-method> <!-- dataloder -->
        <test-method status="PASS" signature="callbrowser()[pri:0, instance:com.testcase.gmail_testcase@ae45eb6]" name="callbrowser" is-config="true" duration-ms="5754" started-at="2019-03-05T11:22:26Z" finished-at="2019-03-05T11:22:31Z">
          <reporter-output>
          </reporter-output>
        </test-method> <!-- callbrowser -->
        <test-method status="PASS" signature="browserset()[pri:0, instance:com.testcase.gmail_testcase@ae45eb6]" name="browserset" duration-ms="25587" started-at="2019-03-05T11:22:31Z" finished-at="2019-03-05T11:22:57Z">
          <reporter-output>
          </reporter-output>
        </test-method> <!-- browserset -->
      </class> <!-- com.testcase.gmail_testcase -->
    </test> <!-- Default test -->
  </suite> <!-- Default suite -->
</testng-results>
