<?xml version="1.0" encoding="UTF-8"?>
<testng-results skipped="0" failed="0" ignored="0" total="1" passed="1">
  <reporter-output>
  </reporter-output>
  <suite name="Default suite" duration-ms="27464" started-at="2019-03-07T07:08:21Z" finished-at="2019-03-07T07:08:49Z">
    <groups>
    </groups>
    <test name="Default test" duration-ms="27464" started-at="2019-03-07T07:08:21Z" finished-at="2019-03-07T07:08:49Z">
      <class name="iframehandle.framedemo">
        <test-method status="PASS" signature="Chromelanuch()[pri:1, instance:iframehandle.framedemo@687080dc]" name="Chromelanuch" duration-ms="27430" started-at="2019-03-07T07:08:21Z" description="first test case" finished-at="2019-03-07T07:08:48Z">
          <reporter-output>
          </reporter-output>
        </test-method> <!-- Chromelanuch -->
      </class> <!-- iframehandle.framedemo -->
    </test> <!-- Default test -->
  </suite> <!-- Default suite -->
</testng-results>
